c:\users\yakub\onedrive\documents\serialmonitor\src\x64\release\vc143.pdb
c:\users\yakub\onedrive\documents\serialmonitor\src\x64\release\.netframework,version=v4.7.2.assemblyattributes.obj
c:\users\yakub\onedrive\documents\serialmonitor\src\x64\release\myform.obj
c:\users\yakub\onedrive\documents\serialmonitor\src\x64\release\serial.exe
c:\users\yakub\onedrive\documents\serialmonitor\src\x64\release\serial.pdb
c:\users\yakub\onedrive\documents\serialmonitor\src\x64\release\resource.res
c:\users\yakub\onedrive\documents\serialmonitor\src\x64\release\serial.exe.metagen
c:\users\yakub\onedrive\documents\serialmonitor\src\x64\release\serial.tlog\cl.command.1.tlog
c:\users\yakub\onedrive\documents\serialmonitor\src\x64\release\serial.tlog\cl.read.1.tlog
c:\users\yakub\onedrive\documents\serialmonitor\src\x64\release\serial.tlog\cl.write.1.tlog
c:\users\yakub\onedrive\documents\serialmonitor\src\x64\release\serial.tlog\link.command.1.tlog
c:\users\yakub\onedrive\documents\serialmonitor\src\x64\release\serial.tlog\link.read.1.tlog
c:\users\yakub\onedrive\documents\serialmonitor\src\x64\release\serial.tlog\link.write.1.tlog
c:\users\yakub\onedrive\documents\serialmonitor\src\x64\release\serial.tlog\metagen.read.1.tlog
c:\users\yakub\onedrive\documents\serialmonitor\src\x64\release\serial.tlog\metagen.write.1.tlog
c:\users\yakub\onedrive\documents\serialmonitor\src\x64\release\serial.tlog\rc.command.1.tlog
c:\users\yakub\onedrive\documents\serialmonitor\src\x64\release\serial.tlog\rc.read.1.tlog
c:\users\yakub\onedrive\documents\serialmonitor\src\x64\release\serial.tlog\rc.write.1.tlog
c:\users\yakub\onedrive\documents\serialmonitor\src\x64\release\serial.tlog\resgen.command.1.tlog
c:\users\yakub\onedrive\documents\serialmonitor\src\x64\release\serial.tlog\resgen.read.1.tlog
c:\users\yakub\onedrive\documents\serialmonitor\src\x64\release\serial.tlog\resgen.write.1.tlog
