d:\vs\repos\cpp\serial\x64\debug\vc143.pdb
d:\vs\repos\cpp\serial\x64\debug\.netframework,version=v4.7.2.assemblyattributes.obj
d:\vs\repos\cpp\serial\x64\debug\myform.obj
c:\users\yakub\onedrive\documents\serialmonitor\src\x64\debug\vc143.pdb
c:\users\yakub\onedrive\documents\serialmonitor\src\x64\debug\.netframework,version=v4.7.2.assemblyattributes.obj
c:\users\yakub\onedrive\documents\serialmonitor\src\x64\debug\myform.obj
d:\vs\repos\cpp\serial\x64\debug\serial.exe
d:\vs\repos\cpp\serial\x64\debug\serial.pdb
c:\users\yakub\onedrive\documents\serialmonitor\src\x64\debug\serial.exe
c:\users\yakub\onedrive\documents\serialmonitor\src\x64\debug\serial.pdb
c:\users\yakub\onedrive\documents\serialmonitor\src\x64\debug\serial.exe.metagen
c:\users\yakub\onedrive\documents\serialmonitor\src\x64\debug\serial.tlog\cl.command.1.tlog
c:\users\yakub\onedrive\documents\serialmonitor\src\x64\debug\serial.tlog\cl.read.1.tlog
c:\users\yakub\onedrive\documents\serialmonitor\src\x64\debug\serial.tlog\cl.write.1.tlog
c:\users\yakub\onedrive\documents\serialmonitor\src\x64\debug\serial.tlog\link.command.1.tlog
c:\users\yakub\onedrive\documents\serialmonitor\src\x64\debug\serial.tlog\link.read.1.tlog
c:\users\yakub\onedrive\documents\serialmonitor\src\x64\debug\serial.tlog\link.write.1.tlog
c:\users\yakub\onedrive\documents\serialmonitor\src\x64\debug\serial.tlog\metagen.read.1.tlog
c:\users\yakub\onedrive\documents\serialmonitor\src\x64\debug\serial.tlog\metagen.write.1.tlog
c:\users\yakub\onedrive\documents\serialmonitor\src\x64\debug\serial.tlog\resgen.command.1.tlog
c:\users\yakub\onedrive\documents\serialmonitor\src\x64\debug\serial.tlog\resgen.read.1.tlog
c:\users\yakub\onedrive\documents\serialmonitor\src\x64\debug\serial.tlog\resgen.write.1.tlog
